7109376 reads; of these:
  7109376 (100.00%) were unpaired; of these:
    689919 (9.70%) aligned 0 times
    6015165 (84.61%) aligned exactly 1 time
    404292 (5.69%) aligned >1 times
90.30% overall alignment rate
100000 GFF lines processed.
200000 GFF lines processed.
300000 GFF lines processed.
400000 GFF lines processed.
500000 GFF lines processed.
540851 GFF lines processed.
100000 SAM alignment records processed.
200000 SAM alignment records processed.
300000 SAM alignment records processed.
400000 SAM alignment records processed.
500000 SAM alignment records processed.
600000 SAM alignment records processed.
700000 SAM alignment records processed.
800000 SAM alignment records processed.
900000 SAM alignment records processed.
1000000 SAM alignment records processed.
1100000 SAM alignment records processed.
1200000 SAM alignment records processed.
1300000 SAM alignment records processed.
1400000 SAM alignment records processed.
1500000 SAM alignment records processed.
1600000 SAM alignment records processed.
1700000 SAM alignment records processed.
1800000 SAM alignment records processed.
1900000 SAM alignment records processed.
2000000 SAM alignment records processed.
2100000 SAM alignment records processed.
2200000 SAM alignment records processed.
2300000 SAM alignment records processed.
2400000 SAM alignment records processed.
2500000 SAM alignment records processed.
2600000 SAM alignment records processed.
2700000 SAM alignment records processed.
2800000 SAM alignment records processed.
2900000 SAM alignment records processed.
3000000 SAM alignment records processed.
3100000 SAM alignment records processed.
3200000 SAM alignment records processed.
3300000 SAM alignment records processed.
3400000 SAM alignment records processed.
3500000 SAM alignment records processed.
3600000 SAM alignment records processed.
3700000 SAM alignment records processed.
3800000 SAM alignment records processed.
3900000 SAM alignment records processed.
4000000 SAM alignment records processed.
4100000 SAM alignment records processed.
4200000 SAM alignment records processed.
4300000 SAM alignment records processed.
4400000 SAM alignment records processed.
4500000 SAM alignment records processed.
4600000 SAM alignment records processed.
4700000 SAM alignment records processed.
4800000 SAM alignment records processed.
4900000 SAM alignment records processed.
5000000 SAM alignment records processed.
5100000 SAM alignment records processed.
5200000 SAM alignment records processed.
5300000 SAM alignment records processed.
5400000 SAM alignment records processed.
5500000 SAM alignment records processed.
5600000 SAM alignment records processed.
5700000 SAM alignment records processed.
5800000 SAM alignment records processed.
5900000 SAM alignment records processed.
6000000 SAM alignment records processed.
6100000 SAM alignment records processed.
6200000 SAM alignment records processed.
srun: Job step aborted: Waiting up to 32 seconds for job step to finish.
srun: got SIGCONT
slurmstepd: error: *** STEP 3719337.1 ON c8-39 CANCELLED AT 2017-02-07T01:11:14 ***
slurmstepd: error: *** JOB 3719337 ON c8-39 CANCELLED AT 2017-02-07T01:11:14 ***
srun: forcing job termination
srun: error: c8-39: task 0: Terminated
