7482690 reads; of these:
  7482690 (100.00%) were unpaired; of these:
    538548 (7.20%) aligned 0 times
    6467959 (86.44%) aligned exactly 1 time
    476183 (6.36%) aligned >1 times
92.80% overall alignment rate
100000 GFF lines processed.
200000 GFF lines processed.
300000 GFF lines processed.
400000 GFF lines processed.
500000 GFF lines processed.
540851 GFF lines processed.
100000 SAM alignment records processed.
200000 SAM alignment records processed.
300000 SAM alignment records processed.
400000 SAM alignment records processed.
500000 SAM alignment records processed.
600000 SAM alignment records processed.
700000 SAM alignment records processed.
800000 SAM alignment records processed.
900000 SAM alignment records processed.
1000000 SAM alignment records processed.
1100000 SAM alignment records processed.
1200000 SAM alignment records processed.
1300000 SAM alignment records processed.
1400000 SAM alignment records processed.
1500000 SAM alignment records processed.
1600000 SAM alignment records processed.
srun: Job step aborted: Waiting up to 32 seconds for job step to finish.
srun: got SIGCONT
slurmstepd: error: *** JOB 3719332 ON c7-30 CANCELLED AT 2017-02-07T01:11:14 ***
srun: forcing job termination
slurmstepd: error: *** STEP 3719332.1 ON c7-30 CANCELLED AT 2017-02-07T01:11:14 ***
srun: error: c7-30: task 0: Terminated
